angular_app@1.0.0 /var/www/html/callburn-project/callburn-angular
├─┬ async@2.3.0
│ └── lodash@4.17.4 
├─┬ chalk@1.1.3
│ └── supports-color@2.0.0 
├─┬ error-ex@1.3.1
│ └── is-arrayish@0.2.1 
├─┬ escodegen@1.8.1
│ └── source-map@0.2.0 
├─┬ find-up@1.1.2
│ └── path-exists@2.1.0 
├─┬ globule@1.1.0
│ └── lodash@4.16.6 
├─┬ gulp-util@3.0.8
│ ├── array-differ@1.0.0 
│ ├── dateformat@2.0.0 
│ ├─┬ lodash.template@3.6.2 
│ │ ├── lodash._basetostring@3.0.1 
│ │ ├── lodash.escape@3.2.0 
│ │ ├─┬ lodash.keys@3.1.2 
│ │ │ └── lodash.isarray@3.0.4 
│ │ └── lodash.templatesettings@3.1.1 
│ ├─┬ multipipe@0.1.2 
│ │ └─┬ duplexer2@0.0.2 
│ │   └─┬ readable-stream@1.1.14 
│ │     └── isarray@0.0.1 
│ ├── object-assign@3.0.0 
│ ├── replace-ext@0.0.1 
│ └─┬ vinyl@0.5.3 
│   └── clone-stats@0.0.1 
├─┬ htmllint@0.4.0
│ └── lodash@4.17.4 
├─┬ http-signature@1.1.1
│ └── assert-plus@0.2.0 
├─┬ jsprim@1.4.0
│ ├── extsprintf@1.0.2 
│ └── verror@1.3.6 
├─┬ laravel-elixir@5.0.0
│ ├─┬ babel-preset-es2015@6.24.1
│ │ ├─┬ babel-plugin-transform-es2015-block-scoping@6.24.1
│ │ │ ├─┬ babel-template@6.24.1
│ │ │ │ └── lodash@4.17.4 
│ │ │ ├─┬ babel-traverse@6.24.1
│ │ │ │ └── lodash@4.17.4 
│ │ │ ├─┬ babel-types@6.24.1
│ │ │ │ └── lodash@4.17.4 
│ │ │ └── lodash@4.17.4 
│ │ ├─┬ babel-plugin-transform-es2015-classes@6.24.1
│ │ │ └─┬ babel-helper-define-map@6.24.1
│ │ │   └── lodash@4.17.4 
│ │ └─┬ babel-plugin-transform-es2015-sticky-regex@6.24.1
│ │   └─┬ babel-helper-regex@6.24.1
│ │     └── lodash@4.17.4 
│ ├─┬ babelify@7.3.0
│ │ └─┬ babel-core@6.24.1
│ │   ├─┬ babel-generator@6.24.1
│ │   │ └── lodash@4.17.4 
│ │   ├─┬ babel-register@6.24.1
│ │   │ └── lodash@4.17.4 
│ │   └── lodash@4.17.4 
│ └─┬ gulp-shell@0.5.2
│   └── lodash@4.17.4 
├─┬ meow@3.7.0
│ ├─┬ camelcase-keys@2.1.0 
│ │ └── camelcase@2.1.1 
│ ├── map-obj@1.0.1 
│ └─┬ redent@1.0.0 
│   ├─┬ indent-string@2.1.0 
│   │ └── repeating@2.0.1 
│   └─┬ strip-indent@1.0.1 
│     └── get-stdin@4.0.1 
├─┬ node-sass@3.13.1 
│ ├── cross-spawn@3.0.1 
│ └── get-stdin@4.0.1 
├─┬ read-pkg@1.1.0
│ └─┬ load-json-file@1.1.0 
│   └── strip-bom@2.0.0 
├─┬ request@2.81.0
│ ├── caseless@0.12.0 
│ ├─┬ har-validator@4.2.1 
│ │ ├─┬ ajv@4.11.7 
│ │ │ ├── co@4.6.0 
│ │ │ └── json-stable-stringify@1.0.1 
│ │ └── har-schema@1.0.5 
│ ├─┬ hawk@3.1.3 
│ │ ├── boom@2.10.1 
│ │ ├── cryptiles@2.0.5 
│ │ ├── hoek@2.16.3 
│ │ └── sntp@1.0.9 
│ └── tunnel-agent@0.6.0 
├─┬ sass-graph@2.1.2
│ ├── lodash@4.17.4 
│ └─┬ yargs@4.8.1 
│   └── yargs-parser@2.4.1 
├─┬ tough-cookie@2.3.2
│ └── punycode@1.4.1 
└─┬ which@1.2.14
  └── isexe@2.0.0 

